<?xml version="1.0" encoding="UTF-8"?>
<testng-results ignored="0" total="1" passed="1" failed="0" skipped="0">
  <reporter-output>
  </reporter-output>
  <suite started-at="2021-11-30T19:39:38 IST" name="Default suite" finished-at="2021-11-30T19:39:41 IST" duration-ms="3743">
    <groups>
    </groups>
    <test started-at="2021-11-30T19:39:38 IST" name="Default test" finished-at="2021-11-30T19:39:41 IST" duration-ms="3743">
      <class name="TestCase.LoginAmazon">
        <test-method signature="LoginApp()[pri:0, instance:TestCase.LoginAmazon@56528192]" started-at="2021-11-30T19:39:38 IST" name="LoginApp" finished-at="2021-11-30T19:39:41 IST" duration-ms="3720" status="PASS">
          <reporter-output>
          </reporter-output>
        </test-method> <!-- LoginApp -->
      </class> <!-- TestCase.LoginAmazon -->
    </test> <!-- Default test -->
  </suite> <!-- Default suite -->
</testng-results>
